<?xml version="1.0" encoding="UTF-8"?>
<!-- Generated by org.testng.reporters.JUnitXMLReporter -->
<testsuite hostname="DESKTOP-LI51MAN" ignored="4" name="login module" tests="6" failures="0" timestamp="2021-02-21T18:15:42 IST" time="0.088" errors="0">
  <testcase name="test01" time="0.011" classname="com.testngDemo.Demo1"/>
  <testcase name="test01" time="0.011" classname="com.testngDemo.Demo2"/>
  <testcase name="test03" time="0.002" classname="com.testngDemo.Demo2"/>
  <testcase name="test03" time="0.003" classname="com.testngDemo.Demo1"/>
  <testcase name="test05" time="0.003" classname="com.testngDemo.Demo2"/>
  <testcase name="test05" time="0.003" classname="com.testngDemo.Demo1"/>
  <testcase name="test02" time="0.0" classname="com.testngDemo.Demo2">
    <ignored/>
  </testcase> <!-- test02 -->
  <testcase name="test04" time="0.0" classname="com.testngDemo.Demo2">
    <ignored/>
  </testcase> <!-- test04 -->
  <testcase name="test04" time="0.0" classname="com.testngDemo.Demo1">
    <ignored/>
  </testcase> <!-- test04 -->
  <testcase name="test02" time="0.0" classname="com.testngDemo.Demo1">
    <ignored/>
  </testcase> <!-- test02 -->
</testsuite> <!-- login module -->
