<?xml version="1.0" encoding="UTF-8"?>
<testng-results skipped="0" failed="0" ignored="0" total="1" passed="1">
  <reporter-output>
  </reporter-output>
  <suite name="Default suite" duration-ms="22535" started-at="2021-04-20T19:11:18 IST" finished-at="2021-04-20T19:11:40 IST">
    <groups>
    </groups>
    <test name="Default test" duration-ms="22535" started-at="2021-04-20T19:11:18 IST" finished-at="2021-04-20T19:11:40 IST">
      <class name="com.SDET.AUTOIT.AutoIT1">
        <test-method status="PASS" signature="main()[pri:0, instance:com.SDET.AUTOIT.AutoIT1@762604]" name="main" duration-ms="22482" started-at="2021-04-20T19:11:18 IST" finished-at="2021-04-20T19:11:40 IST">
          <reporter-output>
          </reporter-output>
        </test-method> <!-- main -->
      </class> <!-- com.SDET.AUTOIT.AutoIT1 -->
    </test> <!-- Default test -->
  </suite> <!-- Default suite -->
</testng-results>
